<?xml version="1.0" encoding="UTF-8"?>
<testng-results total="1" passed="1" failed="0" skipped="0">
  <reporter-output>
  </reporter-output>
  <suite started-at="2020-10-04T14:51:40Z" name="Default suite" finished-at="2020-10-04T14:53:22Z" duration-ms="101500">
    <groups>
    </groups>
    <test started-at="2020-10-04T14:51:40Z" name="Default test" finished-at="2020-10-04T14:53:22Z" duration-ms="101500">
      <class name="icici.NewTest">
        <test-method is-config="true" signature="beforeClass()[pri:0, instance:icici.NewTest@568bf312]" started-at="2020-10-04T20:21:40Z" name="beforeClass" finished-at="2020-10-04T20:22:55Z" duration-ms="74740" status="PASS">
          <reporter-output>
          </reporter-output>
        </test-method> <!-- beforeClass -->
        <test-method signature="f()[pri:0, instance:icici.NewTest@568bf312]" started-at="2020-10-04T20:22:55Z" name="f" finished-at="2020-10-04T20:23:21Z" duration-ms="25880" status="PASS">
          <reporter-output>
          </reporter-output>
        </test-method> <!-- f -->
        <test-method is-config="true" signature="afterClass()[pri:0, instance:icici.NewTest@568bf312]" started-at="2020-10-04T20:23:21Z" name="afterClass" finished-at="2020-10-04T20:23:22Z" duration-ms="837" status="PASS">
          <reporter-output>
          </reporter-output>
        </test-method> <!-- afterClass -->
      </class> <!-- icici.NewTest -->
    </test> <!-- Default test -->
  </suite> <!-- Default suite -->
</testng-results>
