<?xml version="1.0" encoding="UTF-8"?>
<testng-results total="1" passed="1" failed="0" skipped="0">
  <reporter-output>
  </reporter-output>
  <suite started-at="2020-10-05T17:23:17Z" name="Default suite" finished-at="2020-10-05T17:24:53Z" duration-ms="96076">
    <groups>
    </groups>
    <test started-at="2020-10-05T17:23:17Z" name="Default test" finished-at="2020-10-05T17:24:53Z" duration-ms="96076">
      <class name="test.FDCalculatorTest">
        <test-method is-config="true" signature="openSite()[pri:0, instance:test.FDCalculatorTest@4c6e276e]" started-at="2020-10-05T22:53:17Z" name="openSite" finished-at="2020-10-05T22:53:54Z" duration-ms="36704" status="PASS">
          <reporter-output>
          </reporter-output>
        </test-method> <!-- openSite -->
        <test-method signature="getMaturityValueTest()[pri:0, instance:test.FDCalculatorTest@4c6e276e]" started-at="2020-10-05T22:53:54Z" name="getMaturityValueTest" finished-at="2020-10-05T22:54:50Z" duration-ms="56125" status="PASS">
          <reporter-output>
          </reporter-output>
        </test-method> <!-- getMaturityValueTest -->
        <test-method is-config="true" signature="close()[pri:0, instance:test.FDCalculatorTest@4c6e276e]" started-at="2020-10-05T22:54:50Z" name="close" finished-at="2020-10-05T22:54:53Z" duration-ms="3208" status="PASS">
          <reporter-output>
          </reporter-output>
        </test-method> <!-- close -->
      </class> <!-- test.FDCalculatorTest -->
    </test> <!-- Default test -->
  </suite> <!-- Default suite -->
</testng-results>
